{"/project/src/closestToZero.ts": {"path":"/project/src/closestToZero.ts","statementMap":{"0":{"start":{"line":4,"column":4},"end":{"line":6,"column":null}},"1":{"start":{"line":5,"column":8},"end":{"line":5,"column":null}},"2":{"start":{"line":9,"column":22},"end":{"line":9,"column":41}},"3":{"start":{"line":12,"column":24},"end":{"line":12,"column":46}},"4":{"start":{"line":14,"column":4},"end":{"line":19,"column":null}},"5":{"start":{"line":16,"column":8},"end":{"line":16,"column":null}},"6":{"start":{"line":18,"column":8},"end":{"line":18,"column":null}},"7":{"start":{"line":1,"column":0},"end":{"line":1,"column":16}}},"fnMap":{"0":{"name":"closestToZero","decl":{"start":{"line":1,"column":16},"end":{"line":1,"column":29}},"loc":{"start":{"line":1,"column":73},"end":{"line":20,"column":1}}}},"branchMap":{"0":{"loc":{"start":{"line":1,"column":64},"end":{"line":1,"column":73}},"type":"default-arg","locations":[{"start":{"line":1,"column":64},"end":{"line":1,"column":73}}]},"1":{"loc":{"start":{"line":4,"column":4},"end":{"line":6,"column":null}},"type":"if","locations":[{"start":{"line":4,"column":4},"end":{"line":6,"column":null}},{"start":{"line":4,"column":4},"end":{"line":6,"column":null}}]},"2":{"loc":{"start":{"line":4,"column":8},"end":{"line":4,"column":29}},"type":"binary-expr","locations":[{"start":{"line":4,"column":8},"end":{"line":4,"column":29}},{"start":{"line":4,"column":33},"end":{"line":4,"column":46}}]},"3":{"loc":{"start":{"line":14,"column":4},"end":{"line":19,"column":null}},"type":"if","locations":[{"start":{"line":14,"column":4},"end":{"line":19,"column":null}},{"start":{"line":14,"column":4},"end":{"line":19,"column":null}}]}},"s":{"0":11,"1":2,"2":9,"3":9,"4":9,"5":6,"6":3,"7":1},"f":{"0":11},"b":{"0":[1],"1":[2,9],"2":[11,10],"3":[6,3]}}
}
